<?xml version="1.0" encoding="UTF-8"?>
<testsuite xmlns:xsi="http://www.w3.org/2001/XMLSchema-instance" xsi:noNamespaceSchemaLocation="https://maven.apache.org/surefire/maven-surefire-plugin/xsd/surefire-test-report-3.0.xsd" version="3.0" name="org.example.RuleTest" time="0.486" tests="1" errors="0" skipped="0" failures="0">
  <properties>
    <property name="gopherProxySet" value="false"/>
    <property name="awt.toolkit" value="sun.lwawt.macosx.LWCToolkit"/>
    <property name="java.specification.version" value="11"/>
    <property name="sun.cpu.isalist" value=""/>
    <property name="sun.jnu.encoding" value="UTF-8"/>
    <property name="java.class.path" value="/Users/lisian/worksplace/quickstart_drools/my-project/target/test-classes:/Users/lisian/worksplace/quickstart_drools/my-project/target/classes:/Users/lisian/.m2/repository/org/drools/drools-ruleunits-engine/8.30.0.Final/drools-ruleunits-engine-8.30.0.Final.jar:/Users/lisian/.m2/repository/org/drools/drools-ruleunits-dsl/8.30.0.Final/drools-ruleunits-dsl-8.30.0.Final.jar:/Users/lisian/.m2/repository/org/drools/drools-ruleunits-impl/8.30.0.Final/drools-ruleunits-impl-8.30.0.Final.jar:/Users/lisian/.m2/repository/org/drools/drools-ruleunits-api/8.30.0.Final/drools-ruleunits-api-8.30.0.Final.jar:/Users/lisian/.m2/repository/org/drools/drools-model-codegen/8.30.0.Final/drools-model-codegen-8.30.0.Final.jar:/Users/lisian/.m2/repository/org/drools/drools-codegen-common/8.30.0.Final/drools-codegen-common-8.30.0.Final.jar:/Users/lisian/.m2/repository/com/github/javaparser/javaparser-core/3.24.2/javaparser-core-3.24.2.jar:/Users/lisian/.m2/repository/org/drools/drools-mvel-parser/8.30.0.Final/drools-mvel-parser-8.30.0.Final.jar:/Users/lisian/.m2/repository/org/drools/drools-mvel-compiler/8.30.0.Final/drools-mvel-compiler-8.30.0.Final.jar:/Users/lisian/.m2/repository/org/slf4j/slf4j-api/1.7.30/slf4j-api-1.7.30.jar:/Users/lisian/.m2/repository/org/drools/drools-model-compiler/8.30.0.Final/drools-model-compiler-8.30.0.Final.jar:/Users/lisian/.m2/repository/org/kie/kie-api/8.30.0.Final/kie-api-8.30.0.Final.jar:/Users/lisian/.m2/repository/org/kie/kie-internal/8.30.0.Final/kie-internal-8.30.0.Final.jar:/Users/lisian/.m2/repository/org/kie/kie-util-maven-support/8.30.0.Final/kie-util-maven-support-8.30.0.Final.jar:/Users/lisian/.m2/repository/org/drools/drools-canonical-model/8.30.0.Final/drools-canonical-model-8.30.0.Final.jar:/Users/lisian/.m2/repository/org/drools/drools-wiring-api/8.30.0.Final/drools-wiring-api-8.30.0.Final.jar:/Users/lisian/.m2/repository/org/kie/kie-memory-compiler/8.30.0.Final/kie-memory-compiler-8.30.0.Final.jar:/Users/lisian/.m2/repository/org/drools/drools-util/8.30.0.Final/drools-util-8.30.0.Final.jar:/Users/lisian/.m2/repository/org/drools/drools-core/8.30.0.Final/drools-core-8.30.0.Final.jar:/Users/lisian/.m2/repository/org/kie/kie-util-xml/8.30.0.Final/kie-util-xml-8.30.0.Final.jar:/Users/lisian/.m2/repository/org/drools/drools-wiring-static/8.30.0.Final/drools-wiring-static-8.30.0.Final.jar:/Users/lisian/.m2/repository/org/drools/drools-io/8.30.0.Final/drools-io-8.30.0.Final.jar:/Users/lisian/.m2/repository/commons-codec/commons-codec/1.15/commons-codec-1.15.jar:/Users/lisian/.m2/repository/org/drools/drools-compiler/8.30.0.Final/drools-compiler-8.30.0.Final.jar:/Users/lisian/.m2/repository/org/drools/drools-drl-parser/8.30.0.Final/drools-drl-parser-8.30.0.Final.jar:/Users/lisian/.m2/repository/org/drools/drools-drl-extensions/8.30.0.Final/drools-drl-extensions-8.30.0.Final.jar:/Users/lisian/.m2/repository/org/drools/drools-drl-ast/8.30.0.Final/drools-drl-ast-8.30.0.Final.jar:/Users/lisian/.m2/repository/org/drools/drools-kiesession/8.30.0.Final/drools-kiesession-8.30.0.Final.jar:/Users/lisian/.m2/repository/org/drools/drools-ecj/8.30.0.Final/drools-ecj-8.30.0.Final.jar:/Users/lisian/.m2/repository/org/antlr/antlr-runtime/3.5.2/antlr-runtime-3.5.2.jar:/Users/lisian/.m2/repository/junit/junit/4.13.1/junit-4.13.1.jar:/Users/lisian/.m2/repository/org/hamcrest/hamcrest-core/1.3/hamcrest-core-1.3.jar:/Users/lisian/.m2/repository/ch/qos/logback/logback-classic/1.2.9/logback-classic-1.2.9.jar:/Users/lisian/.m2/repository/ch/qos/logback/logback-core/1.2.9/logback-core-1.2.9.jar:"/>
    <property name="java.vm.vendor" value="AdoptOpenJDK"/>
    <property name="sun.arch.data.model" value="64"/>
    <property name="java.vendor.url" value="https://adoptopenjdk.net/"/>
    <property name="user.timezone" value=""/>
    <property name="java.vm.specification.version" value="11"/>
    <property name="os.name" value="Mac OS X"/>
    <property name="sun.java.launcher" value="SUN_STANDARD"/>
    <property name="user.country" value="KR"/>
    <property name="sun.boot.library.path" value="/Library/Java/JavaVirtualMachines/adoptopenjdk-11.jdk/Contents/Home/lib"/>
    <property name="sun.java.command" value="/Users/lisian/worksplace/quickstart_drools/my-project/target/surefire/surefirebooter1817050944265378028.jar /Users/lisian/worksplace/quickstart_drools/my-project/target/surefire 2022-12-11T14-51-12_096-jvmRun1 surefire12009172908362081707tmp surefire_017571590571785911175tmp"/>
    <property name="http.nonProxyHosts" value="local|*.local|169.254/16|*.169.254/16"/>
    <property name="jdk.debug" value="release"/>
    <property name="surefire.test.class.path" value="/Users/lisian/worksplace/quickstart_drools/my-project/target/test-classes:/Users/lisian/worksplace/quickstart_drools/my-project/target/classes:/Users/lisian/.m2/repository/org/drools/drools-ruleunits-engine/8.30.0.Final/drools-ruleunits-engine-8.30.0.Final.jar:/Users/lisian/.m2/repository/org/drools/drools-ruleunits-dsl/8.30.0.Final/drools-ruleunits-dsl-8.30.0.Final.jar:/Users/lisian/.m2/repository/org/drools/drools-ruleunits-impl/8.30.0.Final/drools-ruleunits-impl-8.30.0.Final.jar:/Users/lisian/.m2/repository/org/drools/drools-ruleunits-api/8.30.0.Final/drools-ruleunits-api-8.30.0.Final.jar:/Users/lisian/.m2/repository/org/drools/drools-model-codegen/8.30.0.Final/drools-model-codegen-8.30.0.Final.jar:/Users/lisian/.m2/repository/org/drools/drools-codegen-common/8.30.0.Final/drools-codegen-common-8.30.0.Final.jar:/Users/lisian/.m2/repository/com/github/javaparser/javaparser-core/3.24.2/javaparser-core-3.24.2.jar:/Users/lisian/.m2/repository/org/drools/drools-mvel-parser/8.30.0.Final/drools-mvel-parser-8.30.0.Final.jar:/Users/lisian/.m2/repository/org/drools/drools-mvel-compiler/8.30.0.Final/drools-mvel-compiler-8.30.0.Final.jar:/Users/lisian/.m2/repository/org/slf4j/slf4j-api/1.7.30/slf4j-api-1.7.30.jar:/Users/lisian/.m2/repository/org/drools/drools-model-compiler/8.30.0.Final/drools-model-compiler-8.30.0.Final.jar:/Users/lisian/.m2/repository/org/kie/kie-api/8.30.0.Final/kie-api-8.30.0.Final.jar:/Users/lisian/.m2/repository/org/kie/kie-internal/8.30.0.Final/kie-internal-8.30.0.Final.jar:/Users/lisian/.m2/repository/org/kie/kie-util-maven-support/8.30.0.Final/kie-util-maven-support-8.30.0.Final.jar:/Users/lisian/.m2/repository/org/drools/drools-canonical-model/8.30.0.Final/drools-canonical-model-8.30.0.Final.jar:/Users/lisian/.m2/repository/org/drools/drools-wiring-api/8.30.0.Final/drools-wiring-api-8.30.0.Final.jar:/Users/lisian/.m2/repository/org/kie/kie-memory-compiler/8.30.0.Final/kie-memory-compiler-8.30.0.Final.jar:/Users/lisian/.m2/repository/org/drools/drools-util/8.30.0.Final/drools-util-8.30.0.Final.jar:/Users/lisian/.m2/repository/org/drools/drools-core/8.30.0.Final/drools-core-8.30.0.Final.jar:/Users/lisian/.m2/repository/org/kie/kie-util-xml/8.30.0.Final/kie-util-xml-8.30.0.Final.jar:/Users/lisian/.m2/repository/org/drools/drools-wiring-static/8.30.0.Final/drools-wiring-static-8.30.0.Final.jar:/Users/lisian/.m2/repository/org/drools/drools-io/8.30.0.Final/drools-io-8.30.0.Final.jar:/Users/lisian/.m2/repository/commons-codec/commons-codec/1.15/commons-codec-1.15.jar:/Users/lisian/.m2/repository/org/drools/drools-compiler/8.30.0.Final/drools-compiler-8.30.0.Final.jar:/Users/lisian/.m2/repository/org/drools/drools-drl-parser/8.30.0.Final/drools-drl-parser-8.30.0.Final.jar:/Users/lisian/.m2/repository/org/drools/drools-drl-extensions/8.30.0.Final/drools-drl-extensions-8.30.0.Final.jar:/Users/lisian/.m2/repository/org/drools/drools-drl-ast/8.30.0.Final/drools-drl-ast-8.30.0.Final.jar:/Users/lisian/.m2/repository/org/drools/drools-kiesession/8.30.0.Final/drools-kiesession-8.30.0.Final.jar:/Users/lisian/.m2/repository/org/drools/drools-ecj/8.30.0.Final/drools-ecj-8.30.0.Final.jar:/Users/lisian/.m2/repository/org/antlr/antlr-runtime/3.5.2/antlr-runtime-3.5.2.jar:/Users/lisian/.m2/repository/junit/junit/4.13.1/junit-4.13.1.jar:/Users/lisian/.m2/repository/org/hamcrest/hamcrest-core/1.3/hamcrest-core-1.3.jar:/Users/lisian/.m2/repository/ch/qos/logback/logback-classic/1.2.9/logback-classic-1.2.9.jar:/Users/lisian/.m2/repository/ch/qos/logback/logback-core/1.2.9/logback-core-1.2.9.jar:"/>
    <property name="sun.cpu.endian" value="little"/>
    <property name="user.home" value="/Users/lisian"/>
    <property name="user.language" value="ko"/>
    <property name="java.specification.vendor" value="Oracle Corporation"/>
    <property name="java.version.date" value="2021-04-20"/>
    <property name="java.home" value="/Library/Java/JavaVirtualMachines/adoptopenjdk-11.jdk/Contents/Home"/>
    <property name="file.separator" value="/"/>
    <property name="basedir" value="/Users/lisian/worksplace/quickstart_drools/my-project"/>
    <property name="java.vm.compressedOopsMode" value="Zero based"/>
    <property name="line.separator" value="&#10;"/>
    <property name="java.specification.name" value="Java Platform API Specification"/>
    <property name="java.vm.specification.vendor" value="Oracle Corporation"/>
    <property name="java.awt.graphicsenv" value="sun.awt.CGraphicsEnvironment"/>
    <property name="surefire.real.class.path" value="/Users/lisian/worksplace/quickstart_drools/my-project/target/surefire/surefirebooter1817050944265378028.jar"/>
    <property name="sun.management.compiler" value="HotSpot 64-Bit Tiered Compilers"/>
    <property name="ftp.nonProxyHosts" value="local|*.local|169.254/16|*.169.254/16"/>
    <property name="java.runtime.version" value="11.0.11+9"/>
    <property name="user.name" value="lisian"/>
    <property name="path.separator" value=":"/>
    <property name="os.version" value="11.5"/>
    <property name="java.runtime.name" value="OpenJDK Runtime Environment"/>
    <property name="file.encoding" value="UTF-8"/>
    <property name="java.vm.name" value="OpenJDK 64-Bit Server VM"/>
    <property name="java.vendor.version" value="AdoptOpenJDK-11.0.11+9"/>
    <property name="localRepository" value="/Users/lisian/.m2/repository"/>
    <property name="java.vendor.url.bug" value="https://github.com/AdoptOpenJDK/openjdk-support/issues"/>
    <property name="java.io.tmpdir" value="/var/folders/j4/9mny_mc90_s3_r2zy02dbnh00000gn/T/"/>
    <property name="java.version" value="11.0.11"/>
    <property name="user.dir" value="/Users/lisian/worksplace/quickstart_drools/my-project"/>
    <property name="os.arch" value="x86_64"/>
    <property name="java.vm.specification.name" value="Java Virtual Machine Specification"/>
    <property name="java.awt.printerjob" value="sun.lwawt.macosx.CPrinterJob"/>
    <property name="sun.os.patch.level" value="unknown"/>
    <property name="java.library.path" value="/Users/lisian/Library/Java/Extensions:/Library/Java/Extensions:/Network/Library/Java/Extensions:/System/Library/Java/Extensions:/usr/lib/java:."/>
    <property name="java.vm.info" value="mixed mode"/>
    <property name="java.vendor" value="AdoptOpenJDK"/>
    <property name="java.vm.version" value="11.0.11+9"/>
    <property name="sun.io.unicode.encoding" value="UnicodeBig"/>
    <property name="java.class.version" value="55.0"/>
    <property name="socksNonProxyHosts" value="local|*.local|169.254/16|*.169.254/16"/>
  </properties>
  <testcase name="test" classname="org.example.RuleTest" time="0.436">
    <system-out><![CDATA[2022-12-11 14:51:12,769 [main] INFO  Creating RuleUnit
2022-12-11 14:51:13,029 [main] INFO  Insert data
2022-12-11 14:51:13,034 [main] INFO  Run query. Rules are also fired
]]></system-out>
  </testcase>
</testsuite>